<?xml version="1.0" encoding="UTF-8"?>
<!-- Generated by org.testng.reporters.JUnitReportReporter -->
<testsuite hostname="DESKTOP-QVM6J4J" failures="0" tests="1" name="com.LoginTest.Test_1" time="5.813" errors="0" timestamp="2023-01-21T20:53:27 IST" skipped="0">
  <testcase classname="com.LoginTest.Test_1" name="verify_loginTest" time="5.813"/>
  <system-out/>
</testsuite> <!-- com.LoginTest.Test_1 -->
