<?xml version="1.0" encoding="UTF-8"?>
<!-- Generated by org.testng.reporters.JUnitReportReporter -->
<testsuite hostname="DESKTOP-QVM6J4J" failures="0" tests="1" name="com.RegistrationTest.VerifyRegistrationTest" time="45.882" errors="0" timestamp="2023-01-22T16:38:52 IST" skipped="0">
  <testcase classname="com.RegistrationTest.VerifyRegistrationTest" name="Tc_001_Verify_Registration_Page_functionality" time="45.882"/>
  <system-out/>
</testsuite> <!-- com.RegistrationTest.VerifyRegistrationTest -->
